<?xml version="1.0" encoding="utf-8"?><testsuites><testsuite errors="0" failures="0" hostname="2013-20141119IE" name="pytest" skipped="0" tests="4" time="3.232" timestamp="2021-10-22T18:19:33.772222"><testcase classname="testCase.test_personal_center.TestPersonalCenter" file="testCase\test_personal_center.py" line="29" name="test_personal_center[data0]" time="1.210"></testcase><testcase classname="testCase.test_personal_center.TestPersonalCenter" file="testCase\test_personal_center.py" line="29" name="test_personal_center[data1]" time="0.046"></testcase><testcase classname="testCase.test_personal_center.TestPersonalCenter" file="testCase\test_personal_center.py" line="54" name="test_update_pwd" time="0.054"></testcase><testcase classname="testCase.test_personal_center.TestPersonalCenter" file="testCase\test_personal_center.py" line="66" name="test_logout" time="0.348"></testcase></testsuite></testsuites>